2023-05-17 10:03:56.532 INFO  o.h.validator.internal.util.Version - HV000001: Hibernate Validator 8.0.0.Final
2023-05-17 10:03:56.594 INFO  c.M.M.MeasurementConversionApplication - Starting MeasurementConversionApplication using Java 17.0.2 with PID 18520 (C:\Users\LAP-6\Desktop\New folder (6)\MeasurementConversion\target\classes started by LAP-6 in C:\Users\LAP-6\Desktop\New folder (6)\MeasurementConversion)
2023-05-17 10:03:56.595 INFO  c.M.M.MeasurementConversionApplication - No active profile set, falling back to 1 default profile: "default"
2023-05-17 10:03:56.661 INFO  o.s.b.d.e.DevToolsPropertyDefaultsPostProcessor - Devtools property defaults active! Set 'spring.devtools.add-properties' to 'false' to disable
2023-05-17 10:03:56.662 INFO  o.s.b.d.e.DevToolsPropertyDefaultsPostProcessor - For additional web related logging consider setting the 'logging.level.web' property to 'DEBUG'
2023-05-17 10:03:58.970 INFO  o.s.b.w.e.tomcat.TomcatWebServer - Tomcat initialized with port(s): 8080 (http)
2023-05-17 10:03:58.989 INFO  o.a.coyote.http11.Http11NioProtocol - Initializing ProtocolHandler ["http-nio-8080"]
2023-05-17 10:03:58.991 INFO  o.a.catalina.core.StandardService - Starting service [Tomcat]
2023-05-17 10:03:58.991 INFO  o.a.catalina.core.StandardEngine - Starting Servlet engine: [Apache Tomcat/10.1.8]
2023-05-17 10:03:59.098 INFO  o.a.c.c.C.[Tomcat].[localhost].[/] - Initializing Spring embedded WebApplicationContext
2023-05-17 10:03:59.099 INFO  o.s.b.w.s.c.ServletWebServerApplicationContext - Root WebApplicationContext: initialization completed in 2437 ms
2023-05-17 10:04:00.838 WARN  o.s.b.a.t.ThymeleafAutoConfiguration$DefaultTemplateResolverConfiguration - Cannot find template location: classpath:/templates/ (please add some templates, check your Thymeleaf configuration, or set spring.thymeleaf.check-template-location=false)
2023-05-17 10:04:00.948 INFO  o.s.b.d.a.OptionalLiveReloadServer - LiveReload server is running on port 35729
2023-05-17 10:04:00.965 INFO  o.a.coyote.http11.Http11NioProtocol - Starting ProtocolHandler ["http-nio-8080"]
2023-05-17 10:04:00.994 INFO  o.s.b.w.e.tomcat.TomcatWebServer - Tomcat started on port(s): 8080 (http) with context path ''
2023-05-17 10:04:01.011 INFO  c.M.M.MeasurementConversionApplication - Started MeasurementConversionApplication in 4.922 seconds (process running for 6.03)
2023-05-17 10:04:19.688 INFO  o.a.c.c.C.[Tomcat].[localhost].[/] - Initializing Spring DispatcherServlet 'dispatcherServlet'
2023-05-17 10:04:19.689 INFO  o.s.web.servlet.DispatcherServlet - Initializing Servlet 'dispatcherServlet'
2023-05-17 10:04:19.693 INFO  o.s.web.servlet.DispatcherServlet - Completed initialization in 2 ms
2023-05-17 10:04:19.784 INFO  c.M.M.Service.ConversionService - converting character:a
2023-05-17 10:04:19.785 INFO  c.M.M.Service.ConversionService - converting character:a
2023-05-17 10:04:19.786 INFO  c.M.M.Service.ConversionService - Input: aa
2023-05-17 10:04:19.787 INFO  c.M.M.Service.ConversionService - Output: [1]
2023-05-17 10:20:46.456 INFO  o.h.validator.internal.util.Version - HV000001: Hibernate Validator 8.0.0.Final
2023-05-17 10:20:46.535 INFO  c.M.M.MeasurementConversionApplication - Starting MeasurementConversionApplication using Java 17.0.2 with PID 17412 (C:\Users\LAP-6\Desktop\New folder (6)\MeasurementConversion\target\classes started by LAP-6 in C:\Users\LAP-6\Desktop\New folder (6)\MeasurementConversion)
2023-05-17 10:20:46.537 INFO  c.M.M.MeasurementConversionApplication - No active profile set, falling back to 1 default profile: "default"
2023-05-17 10:20:46.617 INFO  o.s.b.d.e.DevToolsPropertyDefaultsPostProcessor - Devtools property defaults active! Set 'spring.devtools.add-properties' to 'false' to disable
2023-05-17 10:20:46.617 INFO  o.s.b.d.e.DevToolsPropertyDefaultsPostProcessor - For additional web related logging consider setting the 'logging.level.web' property to 'DEBUG'
2023-05-17 10:20:48.483 INFO  o.s.b.w.e.tomcat.TomcatWebServer - Tomcat initialized with port(s): 8080 (http)
2023-05-17 10:20:48.498 INFO  o.a.coyote.http11.Http11NioProtocol - Initializing ProtocolHandler ["http-nio-8080"]
2023-05-17 10:20:48.499 INFO  o.a.catalina.core.StandardService - Starting service [Tomcat]
2023-05-17 10:20:48.499 INFO  o.a.catalina.core.StandardEngine - Starting Servlet engine: [Apache Tomcat/10.1.8]
2023-05-17 10:20:48.577 INFO  o.a.c.c.C.[Tomcat].[localhost].[/] - Initializing Spring embedded WebApplicationContext
2023-05-17 10:20:48.578 INFO  o.s.b.w.s.c.ServletWebServerApplicationContext - Root WebApplicationContext: initialization completed in 1960 ms
2023-05-17 10:20:49.661 WARN  o.s.b.a.t.ThymeleafAutoConfiguration$DefaultTemplateResolverConfiguration - Cannot find template location: classpath:/templates/ (please add some templates, check your Thymeleaf configuration, or set spring.thymeleaf.check-template-location=false)
2023-05-17 10:20:49.749 INFO  o.s.b.d.a.OptionalLiveReloadServer - LiveReload server is running on port 35729
2023-05-17 10:20:49.768 INFO  o.a.coyote.http11.Http11NioProtocol - Starting ProtocolHandler ["http-nio-8080"]
2023-05-17 10:20:49.779 WARN  o.s.b.w.s.c.AnnotationConfigServletWebServerApplicationContext - Exception encountered during context initialization - cancelling refresh attempt: org.springframework.context.ApplicationContextException: Failed to start bean 'webServerStartStop'
2023-05-17 10:20:49.784 INFO  o.a.coyote.http11.Http11NioProtocol - Pausing ProtocolHandler ["http-nio-8080"]
2023-05-17 10:20:49.784 INFO  o.a.catalina.core.StandardService - Stopping service [Tomcat]
2023-05-17 10:20:49.795 INFO  o.a.coyote.http11.Http11NioProtocol - Stopping ProtocolHandler ["http-nio-8080"]
2023-05-17 10:20:49.797 INFO  o.a.coyote.http11.Http11NioProtocol - Destroying ProtocolHandler ["http-nio-8080"]
2023-05-17 10:20:49.807 INFO  o.s.b.a.l.ConditionEvaluationReportLogger - 

Error starting ApplicationContext. To display the condition evaluation report re-run your application with 'debug' enabled.
2023-05-17 10:20:49.827 ERROR o.s.b.d.LoggingFailureAnalysisReporter - 

***************************
APPLICATION FAILED TO START
***************************

Description:

Web server failed to start. Port 8080 was already in use.

Action:

Identify and stop the process that's listening on port 8080 or configure this application to listen on another port.

2023-05-17 10:27:25.074 INFO  o.h.validator.internal.util.Version - HV000001: Hibernate Validator 8.0.0.Final
2023-05-17 10:27:25.152 INFO  c.M.M.MeasurementConversionApplication - Starting MeasurementConversionApplication using Java 17.0.2 with PID 17956 (C:\Users\LAP-6\Desktop\New folder (6)\MeasurementConversion\target\classes started by LAP-6 in C:\Users\LAP-6\Desktop\New folder (6)\MeasurementConversion)
2023-05-17 10:27:25.153 INFO  c.M.M.MeasurementConversionApplication - No active profile set, falling back to 1 default profile: "default"
2023-05-17 10:27:25.226 INFO  o.s.b.d.e.DevToolsPropertyDefaultsPostProcessor - Devtools property defaults active! Set 'spring.devtools.add-properties' to 'false' to disable
2023-05-17 10:27:25.227 INFO  o.s.b.d.e.DevToolsPropertyDefaultsPostProcessor - For additional web related logging consider setting the 'logging.level.web' property to 'DEBUG'
2023-05-17 10:27:27.033 INFO  o.s.b.w.e.tomcat.TomcatWebServer - Tomcat initialized with port(s): 8080 (http)
2023-05-17 10:27:27.055 INFO  o.a.coyote.http11.Http11NioProtocol - Initializing ProtocolHandler ["http-nio-8080"]
2023-05-17 10:27:27.057 INFO  o.a.catalina.core.StandardService - Starting service [Tomcat]
2023-05-17 10:27:27.057 INFO  o.a.catalina.core.StandardEngine - Starting Servlet engine: [Apache Tomcat/10.1.8]
2023-05-17 10:27:27.157 INFO  o.a.c.c.C.[Tomcat].[localhost].[/] - Initializing Spring embedded WebApplicationContext
2023-05-17 10:27:27.157 INFO  o.s.b.w.s.c.ServletWebServerApplicationContext - Root WebApplicationContext: initialization completed in 1929 ms
2023-05-17 10:27:28.707 WARN  o.s.b.a.t.ThymeleafAutoConfiguration$DefaultTemplateResolverConfiguration - Cannot find template location: classpath:/templates/ (please add some templates, check your Thymeleaf configuration, or set spring.thymeleaf.check-template-location=false)
2023-05-17 10:27:28.816 INFO  o.s.b.d.a.OptionalLiveReloadServer - LiveReload server is running on port 35729
2023-05-17 10:27:28.833 INFO  o.a.coyote.http11.Http11NioProtocol - Starting ProtocolHandler ["http-nio-8080"]
2023-05-17 10:27:28.839 WARN  o.s.b.w.s.c.AnnotationConfigServletWebServerApplicationContext - Exception encountered during context initialization - cancelling refresh attempt: org.springframework.context.ApplicationContextException: Failed to start bean 'webServerStartStop'
2023-05-17 10:27:28.843 INFO  o.a.coyote.http11.Http11NioProtocol - Pausing ProtocolHandler ["http-nio-8080"]
2023-05-17 10:27:28.844 INFO  o.a.catalina.core.StandardService - Stopping service [Tomcat]
2023-05-17 10:27:28.852 INFO  o.a.coyote.http11.Http11NioProtocol - Stopping ProtocolHandler ["http-nio-8080"]
2023-05-17 10:27:28.854 INFO  o.a.coyote.http11.Http11NioProtocol - Destroying ProtocolHandler ["http-nio-8080"]
2023-05-17 10:27:28.870 INFO  o.s.b.a.l.ConditionEvaluationReportLogger - 

Error starting ApplicationContext. To display the condition evaluation report re-run your application with 'debug' enabled.
2023-05-17 10:27:28.899 ERROR o.s.b.d.LoggingFailureAnalysisReporter - 

***************************
APPLICATION FAILED TO START
***************************

Description:

Web server failed to start. Port 8080 was already in use.

Action:

Identify and stop the process that's listening on port 8080 or configure this application to listen on another port.

2023-05-17 10:29:04.331 INFO  o.h.validator.internal.util.Version - HV000001: Hibernate Validator 8.0.0.Final
2023-05-17 10:29:04.399 INFO  c.M.M.MeasurementConversionApplication - Starting MeasurementConversionApplication using Java 17.0.2 with PID 6120 (C:\Users\LAP-6\Desktop\New folder (6)\MeasurementConversion\target\classes started by LAP-6 in C:\Users\LAP-6\Desktop\New folder (6)\MeasurementConversion)
2023-05-17 10:29:04.400 INFO  c.M.M.MeasurementConversionApplication - No active profile set, falling back to 1 default profile: "default"
2023-05-17 10:29:04.483 INFO  o.s.b.d.e.DevToolsPropertyDefaultsPostProcessor - Devtools property defaults active! Set 'spring.devtools.add-properties' to 'false' to disable
2023-05-17 10:29:04.484 INFO  o.s.b.d.e.DevToolsPropertyDefaultsPostProcessor - For additional web related logging consider setting the 'logging.level.web' property to 'DEBUG'
2023-05-17 10:29:05.953 INFO  o.s.b.w.e.tomcat.TomcatWebServer - Tomcat initialized with port(s): 8080 (http)
2023-05-17 10:29:05.968 INFO  o.a.coyote.http11.Http11NioProtocol - Initializing ProtocolHandler ["http-nio-8080"]
2023-05-17 10:29:05.969 INFO  o.a.catalina.core.StandardService - Starting service [Tomcat]
2023-05-17 10:29:05.969 INFO  o.a.catalina.core.StandardEngine - Starting Servlet engine: [Apache Tomcat/10.1.8]
2023-05-17 10:29:06.046 INFO  o.a.c.c.C.[Tomcat].[localhost].[/] - Initializing Spring embedded WebApplicationContext
2023-05-17 10:29:06.047 INFO  o.s.b.w.s.c.ServletWebServerApplicationContext - Root WebApplicationContext: initialization completed in 1561 ms
2023-05-17 10:29:07.268 WARN  o.s.b.a.t.ThymeleafAutoConfiguration$DefaultTemplateResolverConfiguration - Cannot find template location: classpath:/templates/ (please add some templates, check your Thymeleaf configuration, or set spring.thymeleaf.check-template-location=false)
2023-05-17 10:29:07.354 INFO  o.s.b.d.a.OptionalLiveReloadServer - LiveReload server is running on port 35729
2023-05-17 10:29:07.374 INFO  o.a.coyote.http11.Http11NioProtocol - Starting ProtocolHandler ["http-nio-8080"]
2023-05-17 10:29:07.382 WARN  o.s.b.w.s.c.AnnotationConfigServletWebServerApplicationContext - Exception encountered during context initialization - cancelling refresh attempt: org.springframework.context.ApplicationContextException: Failed to start bean 'webServerStartStop'
2023-05-17 10:29:07.386 INFO  o.a.coyote.http11.Http11NioProtocol - Pausing ProtocolHandler ["http-nio-8080"]
2023-05-17 10:29:07.418 INFO  o.a.catalina.core.StandardService - Stopping service [Tomcat]
2023-05-17 10:29:07.427 INFO  o.a.coyote.http11.Http11NioProtocol - Stopping ProtocolHandler ["http-nio-8080"]
2023-05-17 10:29:07.428 INFO  o.a.coyote.http11.Http11NioProtocol - Destroying ProtocolHandler ["http-nio-8080"]
2023-05-17 10:29:07.438 INFO  o.s.b.a.l.ConditionEvaluationReportLogger - 

Error starting ApplicationContext. To display the condition evaluation report re-run your application with 'debug' enabled.
2023-05-17 10:29:07.464 ERROR o.s.b.d.LoggingFailureAnalysisReporter - 

***************************
APPLICATION FAILED TO START
***************************

Description:

Web server failed to start. Port 8080 was already in use.

Action:

Identify and stop the process that's listening on port 8080 or configure this application to listen on another port.

2023-05-17 10:29:47.462 INFO  o.h.validator.internal.util.Version - HV000001: Hibernate Validator 8.0.0.Final
2023-05-17 10:29:47.529 INFO  c.M.M.MeasurementConversionApplication - Starting MeasurementConversionApplication using Java 17.0.2 with PID 4752 (C:\Users\LAP-6\Desktop\New folder (6)\MeasurementConversion\target\classes started by LAP-6 in C:\Users\LAP-6\Desktop\New folder (6)\MeasurementConversion)
2023-05-17 10:29:47.530 INFO  c.M.M.MeasurementConversionApplication - No active profile set, falling back to 1 default profile: "default"
2023-05-17 10:29:47.608 INFO  o.s.b.d.e.DevToolsPropertyDefaultsPostProcessor - Devtools property defaults active! Set 'spring.devtools.add-properties' to 'false' to disable
2023-05-17 10:29:47.608 INFO  o.s.b.d.e.DevToolsPropertyDefaultsPostProcessor - For additional web related logging consider setting the 'logging.level.web' property to 'DEBUG'
2023-05-17 10:29:49.114 INFO  o.s.b.w.e.tomcat.TomcatWebServer - Tomcat initialized with port(s): 8080 (http)
2023-05-17 10:29:49.130 INFO  o.a.coyote.http11.Http11NioProtocol - Initializing ProtocolHandler ["http-nio-8080"]
2023-05-17 10:29:49.132 INFO  o.a.catalina.core.StandardService - Starting service [Tomcat]
2023-05-17 10:29:49.132 INFO  o.a.catalina.core.StandardEngine - Starting Servlet engine: [Apache Tomcat/10.1.8]
2023-05-17 10:29:49.213 INFO  o.a.c.c.C.[Tomcat].[localhost].[/] - Initializing Spring embedded WebApplicationContext
2023-05-17 10:29:49.214 INFO  o.s.b.w.s.c.ServletWebServerApplicationContext - Root WebApplicationContext: initialization completed in 1604 ms
2023-05-17 10:29:50.464 WARN  o.s.b.a.t.ThymeleafAutoConfiguration$DefaultTemplateResolverConfiguration - Cannot find template location: classpath:/templates/ (please add some templates, check your Thymeleaf configuration, or set spring.thymeleaf.check-template-location=false)
2023-05-17 10:29:50.558 INFO  o.s.b.d.a.OptionalLiveReloadServer - LiveReload server is running on port 35729
2023-05-17 10:29:50.573 INFO  o.a.coyote.http11.Http11NioProtocol - Starting ProtocolHandler ["http-nio-8080"]
2023-05-17 10:29:50.636 INFO  o.s.b.w.e.tomcat.TomcatWebServer - Tomcat started on port(s): 8080 (http) with context path ''
2023-05-17 10:29:50.655 INFO  c.M.M.MeasurementConversionApplication - Started MeasurementConversionApplication in 3.539 seconds (process running for 4.379)
2023-05-17 10:29:58.579 INFO  o.a.c.c.C.[Tomcat].[localhost].[/] - Initializing Spring DispatcherServlet 'dispatcherServlet'
2023-05-17 10:29:58.579 INFO  o.s.web.servlet.DispatcherServlet - Initializing Servlet 'dispatcherServlet'
2023-05-17 10:29:58.587 INFO  o.s.web.servlet.DispatcherServlet - Completed initialization in 8 ms
2023-05-17 10:29:58.715 INFO  c.M.M.Service.ConversionService - converting character:a
2023-05-17 10:29:58.715 INFO  c.M.M.Service.ConversionService - Invalid Input!
2023-05-17 10:30:06.412 INFO  c.M.M.Service.ConversionService - converting character:a
2023-05-17 10:30:06.412 INFO  c.M.M.Service.ConversionService - Invalid Input!
2023-05-17 10:30:12.218 INFO  c.M.M.Service.ConversionService - converting character:a
2023-05-17 10:30:12.219 INFO  c.M.M.Service.ConversionService - converting character:z
2023-05-17 10:30:12.220 INFO  c.M.M.Service.ConversionService - converting character:z
2023-05-17 10:30:12.227 ERROR o.a.c.c.C.[.[.[.[dispatcherServlet] - Servlet.service() for servlet [dispatcherServlet] in context with path [] threw exception [Request processing failed: java.lang.ArrayIndexOutOfBoundsException: Index 2 out of bounds for length 2] with root cause
java.lang.ArrayIndexOutOfBoundsException: Index 2 out of bounds for length 2
	at com.MeasurementConversion.MeasurementConversion.Service.ConversionService.decodeValues(ConversionService.java:76)
	at com.MeasurementConversion.MeasurementConversion.Service.ConversionService.decodeString(ConversionService.java:23)
	at com.MeasurementConversion.MeasurementConversion.Controller.MeasurementController.convertMeasurements(MeasurementController.java:31)
	at java.base/jdk.internal.reflect.NativeMethodAccessorImpl.invoke0(Native Method)
	at java.base/jdk.internal.reflect.NativeMethodAccessorImpl.invoke(NativeMethodAccessorImpl.java:77)
	at java.base/jdk.internal.reflect.DelegatingMethodAccessorImpl.invoke(DelegatingMethodAccessorImpl.java:43)
	at java.base/java.lang.reflect.Method.invoke(Method.java:568)
	at org.springframework.web.method.support.InvocableHandlerMethod.doInvoke(InvocableHandlerMethod.java:207)
	at org.springframework.web.method.support.InvocableHandlerMethod.invokeForRequest(InvocableHandlerMethod.java:152)
	at org.springframework.web.servlet.mvc.method.annotation.ServletInvocableHandlerMethod.invokeAndHandle(ServletInvocableHandlerMethod.java:118)
	at org.springframework.web.servlet.mvc.method.annotation.RequestMappingHandlerAdapter.invokeHandlerMethod(RequestMappingHandlerAdapter.java:884)
	at org.springframework.web.servlet.mvc.method.annotation.RequestMappingHandlerAdapter.handleInternal(RequestMappingHandlerAdapter.java:797)
	at org.springframework.web.servlet.mvc.method.AbstractHandlerMethodAdapter.handle(AbstractHandlerMethodAdapter.java:87)
	at org.springframework.web.servlet.DispatcherServlet.doDispatch(DispatcherServlet.java:1081)
	at org.springframework.web.servlet.DispatcherServlet.doService(DispatcherServlet.java:974)
	at org.springframework.web.servlet.FrameworkServlet.processRequest(FrameworkServlet.java:1011)
	at org.springframework.web.servlet.FrameworkServlet.doGet(FrameworkServlet.java:903)
	at jakarta.servlet.http.HttpServlet.service(HttpServlet.java:564)
	at org.springframework.web.servlet.FrameworkServlet.service(FrameworkServlet.java:885)
	at jakarta.servlet.http.HttpServlet.service(HttpServlet.java:658)
	at org.apache.catalina.core.ApplicationFilterChain.internalDoFilter(ApplicationFilterChain.java:205)
	at org.apache.catalina.core.ApplicationFilterChain.doFilter(ApplicationFilterChain.java:149)
	at org.apache.tomcat.websocket.server.WsFilter.doFilter(WsFilter.java:51)
	at org.apache.catalina.core.ApplicationFilterChain.internalDoFilter(ApplicationFilterChain.java:174)
	at org.apache.catalina.core.ApplicationFilterChain.doFilter(ApplicationFilterChain.java:149)
	at org.springframework.web.servlet.resource.ResourceUrlEncodingFilter.doFilter(ResourceUrlEncodingFilter.java:66)
	at org.apache.catalina.core.ApplicationFilterChain.internalDoFilter(ApplicationFilterChain.java:174)
	at org.apache.catalina.core.ApplicationFilterChain.doFilter(ApplicationFilterChain.java:149)
	at org.springframework.web.filter.RequestContextFilter.doFilterInternal(RequestContextFilter.java:100)
	at org.springframework.web.filter.OncePerRequestFilter.doFilter(OncePerRequestFilter.java:116)
	at org.apache.catalina.core.ApplicationFilterChain.internalDoFilter(ApplicationFilterChain.java:174)
	at org.apache.catalina.core.ApplicationFilterChain.doFilter(ApplicationFilterChain.java:149)
	at org.springframework.web.filter.FormContentFilter.doFilterInternal(FormContentFilter.java:93)
	at org.springframework.web.filter.OncePerRequestFilter.doFilter(OncePerRequestFilter.java:116)
	at org.apache.catalina.core.ApplicationFilterChain.internalDoFilter(ApplicationFilterChain.java:174)
	at org.apache.catalina.core.ApplicationFilterChain.doFilter(ApplicationFilterChain.java:149)
	at org.springframework.web.filter.CharacterEncodingFilter.doFilterInternal(CharacterEncodingFilter.java:201)
	at org.springframework.web.filter.OncePerRequestFilter.doFilter(OncePerRequestFilter.java:116)
	at org.apache.catalina.core.ApplicationFilterChain.internalDoFilter(ApplicationFilterChain.java:174)
	at org.apache.catalina.core.ApplicationFilterChain.doFilter(ApplicationFilterChain.java:149)
	at org.apache.catalina.core.StandardWrapperValve.invoke(StandardWrapperValve.java:166)
	at org.apache.catalina.core.StandardContextValve.invoke(StandardContextValve.java:90)
	at org.apache.catalina.authenticator.AuthenticatorBase.invoke(AuthenticatorBase.java:482)
	at org.apache.catalina.core.StandardHostValve.invoke(StandardHostValve.java:115)
	at org.apache.catalina.valves.ErrorReportValve.invoke(ErrorReportValve.java:93)
	at org.apache.catalina.core.StandardEngineValve.invoke(StandardEngineValve.java:74)
	at org.apache.catalina.connector.CoyoteAdapter.service(CoyoteAdapter.java:341)
	at org.apache.coyote.http11.Http11Processor.service(Http11Processor.java:390)
	at org.apache.coyote.AbstractProcessorLight.process(AbstractProcessorLight.java:63)
	at org.apache.coyote.AbstractProtocol$ConnectionHandler.process(AbstractProtocol.java:894)
	at org.apache.tomcat.util.net.NioEndpoint$SocketProcessor.doRun(NioEndpoint.java:1741)
	at org.apache.tomcat.util.net.SocketProcessorBase.run(SocketProcessorBase.java:52)
	at org.apache.tomcat.util.threads.ThreadPoolExecutor.runWorker(ThreadPoolExecutor.java:1191)
	at org.apache.tomcat.util.threads.ThreadPoolExecutor$Worker.run(ThreadPoolExecutor.java:659)
	at org.apache.tomcat.util.threads.TaskThread$WrappingRunnable.run(TaskThread.java:61)
	at java.base/java.lang.Thread.run(Thread.java:833)
2023-05-17 10:30:26.008 INFO  c.M.M.Service.ConversionService - converting character:a
2023-05-17 10:30:26.008 INFO  c.M.M.Service.ConversionService - converting character:z
2023-05-17 10:30:26.008 INFO  c.M.M.Service.ConversionService - converting character:z
2023-05-17 10:30:26.008 INFO  c.M.M.Service.ConversionService - converting character:z
2023-05-17 10:30:26.008 INFO  c.M.M.Service.ConversionService - converting character:z
2023-05-17 10:30:26.008 INFO  c.M.M.Service.ConversionService - converting character:a
2023-05-17 10:30:26.008 INFO  c.M.M.Service.ConversionService - Input: azza
2023-05-17 10:30:26.008 INFO  c.M.M.Service.ConversionService - Output: [53]
2023-05-17 10:30:37.108 INFO  c.M.M.Service.ConversionService - converting character:z
2023-05-17 10:30:37.116 INFO  c.M.M.Service.ConversionService - converting character:z
2023-05-17 10:30:37.116 INFO  c.M.M.Service.ConversionService - converting character:a
2023-05-17 10:30:37.116 INFO  c.M.M.Service.ConversionService - Invalid Input!
2023-05-17 10:31:56.342 INFO  o.h.validator.internal.util.Version - HV000001: Hibernate Validator 8.0.0.Final
2023-05-17 10:31:56.397 INFO  c.M.M.MeasurementConversionApplication - Starting MeasurementConversionApplication using Java 17.0.2 with PID 5308 (C:\Users\LAP-6\Desktop\New folder (6)\MeasurementConversion\target\classes started by LAP-6 in C:\Users\LAP-6\Desktop\New folder (6)\MeasurementConversion)
2023-05-17 10:31:56.399 INFO  c.M.M.MeasurementConversionApplication - No active profile set, falling back to 1 default profile: "default"
2023-05-17 10:31:56.463 INFO  o.s.b.d.e.DevToolsPropertyDefaultsPostProcessor - Devtools property defaults active! Set 'spring.devtools.add-properties' to 'false' to disable
2023-05-17 10:31:56.464 INFO  o.s.b.d.e.DevToolsPropertyDefaultsPostProcessor - For additional web related logging consider setting the 'logging.level.web' property to 'DEBUG'
2023-05-17 10:31:57.907 INFO  o.s.b.w.e.tomcat.TomcatWebServer - Tomcat initialized with port(s): 8080 (http)
2023-05-17 10:31:57.918 INFO  o.a.coyote.http11.Http11NioProtocol - Initializing ProtocolHandler ["http-nio-8080"]
2023-05-17 10:31:57.920 INFO  o.a.catalina.core.StandardService - Starting service [Tomcat]
2023-05-17 10:31:57.920 INFO  o.a.catalina.core.StandardEngine - Starting Servlet engine: [Apache Tomcat/10.1.8]
2023-05-17 10:31:58.029 INFO  o.a.c.c.C.[Tomcat].[localhost].[/] - Initializing Spring embedded WebApplicationContext
2023-05-17 10:31:58.030 INFO  o.s.b.w.s.c.ServletWebServerApplicationContext - Root WebApplicationContext: initialization completed in 1566 ms
2023-05-17 10:31:59.317 WARN  o.s.b.a.t.ThymeleafAutoConfiguration$DefaultTemplateResolverConfiguration - Cannot find template location: classpath:/templates/ (please add some templates, check your Thymeleaf configuration, or set spring.thymeleaf.check-template-location=false)
2023-05-17 10:31:59.403 INFO  o.s.b.d.a.OptionalLiveReloadServer - LiveReload server is running on port 35729
2023-05-17 10:31:59.453 INFO  o.a.coyote.http11.Http11NioProtocol - Starting ProtocolHandler ["http-nio-8080"]
2023-05-17 10:31:59.484 INFO  o.s.b.w.e.tomcat.TomcatWebServer - Tomcat started on port(s): 8080 (http) with context path ''
2023-05-17 10:31:59.503 INFO  c.M.M.MeasurementConversionApplication - Started MeasurementConversionApplication in 3.493 seconds (process running for 4.268)
